  App.cpp
C:\Users\skyla\OneDrive\Desktop\Development\Rumor\RumorClient\RumorDesktopClient\RumorClient_Desktop\MainWindow.h(24,41): warning C4305: 'argument': truncation from 'int' to 'wxColourBase::ChannelType'
  (compiling source file 'App.cpp')
  
C:\Users\skyla\OneDrive\Desktop\Development\Rumor\RumorClient\RumorDesktopClient\RumorClient_Desktop\MainWindow.h(24,41): warning C4309: 'argument': truncation of constant value
  (compiling source file 'App.cpp')
  
C:\Users\skyla\OneDrive\Desktop\Development\Rumor\RumorClient\RumorDesktopClient\RumorClient_Desktop\MainWindow.h(24,36): warning C4305: 'argument': truncation from 'int' to 'wxColourBase::ChannelType'
  (compiling source file 'App.cpp')
  
C:\Users\skyla\OneDrive\Desktop\Development\Rumor\RumorClient\RumorDesktopClient\RumorClient_Desktop\MainWindow.h(24,36): warning C4309: 'argument': truncation of constant value
  (compiling source file 'App.cpp')
  
C:\Users\skyla\OneDrive\Desktop\Development\Rumor\RumorClient\RumorDesktopClient\RumorClient_Desktop\MainWindow.h(24,31): warning C4305: 'argument': truncation from 'int' to 'wxColourBase::ChannelType'
  (compiling source file 'App.cpp')
  
C:\Users\skyla\OneDrive\Desktop\Development\Rumor\RumorClient\RumorDesktopClient\RumorClient_Desktop\MainWindow.h(24,31): warning C4309: 'argument': truncation of constant value
  (compiling source file 'App.cpp')
  
  MainWindow.cpp
C:\Users\skyla\OneDrive\Desktop\Development\Rumor\RumorClient\RumorDesktopClient\RumorClient_Desktop\MainWindow.h(24,41): warning C4305: 'argument': truncation from 'int' to 'wxColourBase::ChannelType'
  (compiling source file 'MainWindow.cpp')
  
C:\Users\skyla\OneDrive\Desktop\Development\Rumor\RumorClient\RumorDesktopClient\RumorClient_Desktop\MainWindow.h(24,41): warning C4309: 'argument': truncation of constant value
  (compiling source file 'MainWindow.cpp')
  
C:\Users\skyla\OneDrive\Desktop\Development\Rumor\RumorClient\RumorDesktopClient\RumorClient_Desktop\MainWindow.h(24,36): warning C4305: 'argument': truncation from 'int' to 'wxColourBase::ChannelType'
  (compiling source file 'MainWindow.cpp')
  
C:\Users\skyla\OneDrive\Desktop\Development\Rumor\RumorClient\RumorDesktopClient\RumorClient_Desktop\MainWindow.h(24,36): warning C4309: 'argument': truncation of constant value
  (compiling source file 'MainWindow.cpp')
  
C:\Users\skyla\OneDrive\Desktop\Development\Rumor\RumorClient\RumorDesktopClient\RumorClient_Desktop\MainWindow.h(24,31): warning C4305: 'argument': truncation from 'int' to 'wxColourBase::ChannelType'
  (compiling source file 'MainWindow.cpp')
  
C:\Users\skyla\OneDrive\Desktop\Development\Rumor\RumorClient\RumorDesktopClient\RumorClient_Desktop\MainWindow.h(24,31): warning C4309: 'argument': truncation of constant value
  (compiling source file 'MainWindow.cpp')
  
C:\Users\skyla\OneDrive\Desktop\Development\wxWidgets\include\wx\event.h(455,22): error C2664: 'wxEvtHandler *wxPrivate::HandlerImpl<Class,EventArg,true>::ConvertToEvtHandler(T *)': cannot convert argument 1 from 'EventHandler *const ' to 'T *'
C:\Users\skyla\OneDrive\Desktop\Development\wxWidgets\include\wx\event.h(455,22): error C2664:         with
C:\Users\skyla\OneDrive\Desktop\Development\wxWidgets\include\wx\event.h(455,22): error C2664:         [
C:\Users\skyla\OneDrive\Desktop\Development\wxWidgets\include\wx\event.h(455,22): error C2664:             Class=MainWindow,
C:\Users\skyla\OneDrive\Desktop\Development\wxWidgets\include\wx\event.h(455,22): error C2664:             EventArg=wxCommandEvent,
C:\Users\skyla\OneDrive\Desktop\Development\wxWidgets\include\wx\event.h(455,22): error C2664:             T=MainWindow
C:\Users\skyla\OneDrive\Desktop\Development\wxWidgets\include\wx\event.h(455,22): error C2664:         ]
C:\Users\skyla\OneDrive\Desktop\Development\wxWidgets\include\wx\event.h(455,22): error C2664:         and
C:\Users\skyla\OneDrive\Desktop\Development\wxWidgets\include\wx\event.h(455,22): error C2664:         [
C:\Users\skyla\OneDrive\Desktop\Development\wxWidgets\include\wx\event.h(455,22): error C2664:             EventHandler=wxPanel
C:\Users\skyla\OneDrive\Desktop\Development\wxWidgets\include\wx\event.h(455,22): error C2664:         ]
C:\Users\skyla\OneDrive\Desktop\Development\wxWidgets\include\wx\event.h(455,22): error C2664:         and
C:\Users\skyla\OneDrive\Desktop\Development\wxWidgets\include\wx\event.h(455,22): error C2664:         [
C:\Users\skyla\OneDrive\Desktop\Development\wxWidgets\include\wx\event.h(455,22): error C2664:             T=MainWindow
C:\Users\skyla\OneDrive\Desktop\Development\wxWidgets\include\wx\event.h(455,22): error C2664:         ]
  (compiling source file 'MainWindow.cpp')
  C:\Users\skyla\OneDrive\Desktop\Development\wxWidgets\include\wx\event.h(455,44):
  Types pointed to are unrelated; conversion requires reinterpret_cast, C-style cast or parenthesized function-style cast
  C:\Users\skyla\OneDrive\Desktop\Development\wxWidgets\include\wx\event.h(358,26):
  see declaration of 'wxPrivate::HandlerImpl<Class,EventArg,true>::ConvertToEvtHandler'
          with
          [
              Class=MainWindow,
              EventArg=wxCommandEvent
          ]
  C:\Users\skyla\OneDrive\Desktop\Development\wxWidgets\include\wx\event.h(455,22):
  while trying to match the argument list '(EventHandler *const )'
          with
          [
              EventHandler=wxPanel
          ]
  C:\Users\skyla\OneDrive\Desktop\Development\wxWidgets\include\wx\event.h(455,22):
  the template instantiation context (the oldest one first) is
  	C:\Users\skyla\OneDrive\Desktop\Development\Rumor\RumorClient\RumorDesktopClient\RumorClient_Desktop\MainWindow.cpp(75,15):
  	see reference to function template instantiation 'void wxEvtHandler::Bind<wxEventTypeTag<wxCommandEvent>,MainWindow,wxCommandEvent,wxPanel>(const EventTag &,void (__cdecl MainWindow::* )(EventArg &),EventHandler *,int,int,wxObject *)' being compiled
          with
          [
              EventTag=wxEventTypeTag<wxCommandEvent>,
              EventArg=wxCommandEvent,
              EventHandler=wxPanel
          ]
  	C:\Users\skyla\OneDrive\Desktop\Development\wxWidgets\include\wx\event.h(3918,36):
  	see reference to class template instantiation 'wxEventFunctorMethod<EventTag,MainWindow,EventArg,EventHandler>' being compiled
          with
          [
              EventTag=wxEventTypeTag<wxCommandEvent>,
              EventArg=wxCommandEvent,
              EventHandler=wxPanel
          ]
  	C:\Users\skyla\OneDrive\Desktop\Development\wxWidgets\include\wx\event.h(454,27):
  	while compiling class template member function 'wxEvtHandler *wxEventFunctorMethod<EventTag,MainWindow,EventArg,EventHandler>::GetEvtHandler(void) const'
          with
          [
              EventTag=wxEventTypeTag<wxCommandEvent>,
              EventArg=wxCommandEvent,
              EventHandler=wxPanel
          ]
  
  Generating Code...
